<?xml version="1.0" encoding="UTF-8"?>
<!-- Generated by org.testng.reporters.JUnitReportReporter -->
<testsuite hostname="LAPTOP-TDDV87RG" failures="0" tests="1" name="org.testing.TestScripts.TC4" time="60.220" errors="0" timestamp="2023-09-25T21:32:01 IST" skipped="0">
  <testcase classname="org.testing.TestScripts.TC4" name="tc1" time="60.220"/>
</testsuite> <!-- org.testing.TestScripts.TC4 -->
